0 info it worked if it ends with ok
1 verbose cli [ '/usr/bin/nodejs', '/usr/bin/npm', 'install', 'jekyll-sitemap' ]
2 info using npm@2.15.1
3 info using node@v4.4.4
4 verbose install initial load of /home/hueter/Projekte/ender74.github.io/package.json
5 verbose readDependencies loading dependencies from /home/hueter/Projekte/ender74.github.io/package.json
6 silly cache add args [ 'jekyll-sitemap', null ]
7 verbose cache add spec jekyll-sitemap
8 silly cache add parsed spec Result {
8 silly cache add   raw: 'jekyll-sitemap',
8 silly cache add   scope: null,
8 silly cache add   name: 'jekyll-sitemap',
8 silly cache add   rawSpec: '',
8 silly cache add   spec: 'latest',
8 silly cache add   type: 'tag' }
9 silly addNamed jekyll-sitemap@latest
10 verbose addNamed "latest" is being treated as a dist-tag for jekyll-sitemap
11 info addNameTag [ 'jekyll-sitemap', 'latest' ]
12 silly mapToRegistry name jekyll-sitemap
13 silly mapToRegistry using default registry
14 silly mapToRegistry registry https://registry.npmjs.org/
15 silly mapToRegistry data Result {
15 silly mapToRegistry   raw: 'jekyll-sitemap',
15 silly mapToRegistry   scope: null,
15 silly mapToRegistry   name: 'jekyll-sitemap',
15 silly mapToRegistry   rawSpec: '',
15 silly mapToRegistry   spec: 'latest',
15 silly mapToRegistry   type: 'tag' }
16 silly mapToRegistry uri https://registry.npmjs.org/jekyll-sitemap
17 verbose addNameTag registry:https://registry.npmjs.org/jekyll-sitemap not in flight; fetching
18 verbose request uri https://registry.npmjs.org/jekyll-sitemap
19 verbose request no auth needed
20 info attempt registry request try #1 at 22:38:13
21 verbose request using bearer token for auth
22 verbose request id 5a2ffdda9a12c34a
23 http request GET https://registry.npmjs.org/jekyll-sitemap
24 http 404 https://registry.npmjs.org/jekyll-sitemap
25 verbose headers { 'content-type': 'application/json',
25 verbose headers   'cache-control': 'max-age=0',
25 verbose headers   'content-length': '2',
25 verbose headers   'accept-ranges': 'bytes',
25 verbose headers   date: 'Thu, 08 Sep 2016 20:38:15 GMT',
25 verbose headers   via: '1.1 varnish',
25 verbose headers   connection: 'keep-alive',
25 verbose headers   'x-served-by': 'cache-ams4436-AMS',
25 verbose headers   'x-cache': 'MISS',
25 verbose headers   'x-cache-hits': '0',
25 verbose headers   'x-timer': 'S1473367094.721991,VS0,VE400',
25 verbose headers   vary: 'Accept-Encoding' }
26 silly get cb [ 404,
26 silly get   { 'content-type': 'application/json',
26 silly get     'cache-control': 'max-age=0',
26 silly get     'content-length': '2',
26 silly get     'accept-ranges': 'bytes',
26 silly get     date: 'Thu, 08 Sep 2016 20:38:15 GMT',
26 silly get     via: '1.1 varnish',
26 silly get     connection: 'keep-alive',
26 silly get     'x-served-by': 'cache-ams4436-AMS',
26 silly get     'x-cache': 'MISS',
26 silly get     'x-cache-hits': '0',
26 silly get     'x-timer': 'S1473367094.721991,VS0,VE400',
26 silly get     vary: 'Accept-Encoding' } ]
27 verbose stack Error: Registry returned 404 for GET on https://registry.npmjs.org/jekyll-sitemap
27 verbose stack     at makeError (/usr/lib/node_modules/npm/node_modules/npm-registry-client/lib/request.js:264:12)
27 verbose stack     at CachingRegistryClient.<anonymous> (/usr/lib/node_modules/npm/node_modules/npm-registry-client/lib/request.js:242:14)
27 verbose stack     at Request._callback (/usr/lib/node_modules/npm/node_modules/npm-registry-client/lib/request.js:172:14)
27 verbose stack     at Request.self.callback (/usr/lib/node_modules/npm/node_modules/request/request.js:199:22)
27 verbose stack     at emitTwo (events.js:87:13)
27 verbose stack     at Request.emit (events.js:172:7)
27 verbose stack     at Request.<anonymous> (/usr/lib/node_modules/npm/node_modules/request/request.js:1036:10)
27 verbose stack     at emitOne (events.js:82:20)
27 verbose stack     at Request.emit (events.js:169:7)
27 verbose stack     at IncomingMessage.<anonymous> (/usr/lib/node_modules/npm/node_modules/request/request.js:963:12)
28 verbose statusCode 404
29 verbose pkgid jekyll-sitemap
30 verbose cwd /home/hueter/Projekte/ender74.github.io
31 error Linux 4.4.0-36-generic
32 error argv "/usr/bin/nodejs" "/usr/bin/npm" "install" "jekyll-sitemap"
33 error node v4.4.4
34 error npm  v2.15.1
35 error code E404
36 error 404 Registry returned 404 for GET on https://registry.npmjs.org/jekyll-sitemap
36 error 404
36 error 404 'jekyll-sitemap' is not in the npm registry.
36 error 404 You should bug the author to publish it (or use the name yourself!)
36 error 404
36 error 404 Note that you can also install from a
36 error 404 tarball, folder, http url, or git url.
37 verbose exit [ 1, true ]
